<?xml version="1.0" encoding="UTF-8"?>
<!-- Generated by org.testng.reporters.JUnitXMLReporter -->
<testsuite hostname="IQA_CPU22" ignored="0" name="Default test" tests="5" failures="0" timestamp="15 Jan 2021 09:52:39 GMT" time="4.758" errors="0">
  <testcase name="the_game_is_added" time="4.097" classname="testexcutation.BaseClass"/>
  <testcase name="finding_the_game_using_game_id" time="0.102" classname="testexcutation.BaseClass"/>
  <testcase name="update_the_game" time="0.273" classname="testexcutation.BaseClass"/>
  <testcase name="finding_the_game_using_gameId_After_Update" time="0.107" classname="testexcutation.BaseClass"/>
  <testcase name="the_book_is_removed" time="0.075" classname="testexcutation.BaseClass"/>
</testsuite> <!-- Default test -->
